\BOOKMARK [0][-]{chapter.1}{Introduction and Scope}{}% 1
\BOOKMARK [1][-]{section.1.1}{Glaze-Making: Using Local Materials As Far As Possible}{chapter.1}% 2
\BOOKMARK [1][-]{section.1.2}{Glaze and Clay Systems}{chapter.1}% 3
\BOOKMARK [0][-]{chapter.2}{The Nature of Glazes}{}% 4
\BOOKMARK [1][-]{section.2.1}{Glass and Glaze, the Benefit of Glaze}{chapter.2}% 5
\BOOKMARK [1][-]{section.2.2}{Glaze-Making is Difficult}{chapter.2}% 6
\BOOKMARK [1][-]{section.2.3}{History of Glazes}{chapter.2}% 7
\BOOKMARK [1][-]{section.2.4}{Glaze Classification}{chapter.2}% 8
\BOOKMARK [0][-]{chapter.3}{Temperature Ranges and Requirements}{}% 9
\BOOKMARK [1][-]{section.3.1}{What is Temperature?}{chapter.3}% 10
\BOOKMARK [1][-]{section.3.2}{Low-Temperature Range \(900\2051000C\)}{chapter.3}% 11
\BOOKMARK [2][-]{subsection.3.2.1}{Advantages and Disadvantages}{section.3.2}% 12
\BOOKMARK [2][-]{subsection.3.2.2}{Clay and Glaze Characteristics}{section.3.2}% 13
\BOOKMARK [2][-]{subsection.3.2.3}{Raw Material Requirements}{section.3.2}% 14
\BOOKMARK [1][-]{section.3.3}{High-Temperature Range \(1100\2051300C\)}{chapter.3}% 15
\BOOKMARK [2][-]{subsection.3.3.1}{Advantages and Disadvantages}{section.3.3}% 16
\BOOKMARK [2][-]{subsection.3.3.2}{Appropriate Products}{section.3.3}% 17
\BOOKMARK [2][-]{subsection.3.3.3}{Clay and Glaze Characteristics}{section.3.3}% 18
\BOOKMARK [2][-]{subsection.3.3.4}{Raw Material Requirements}{section.3.3}% 19
\BOOKMARK [1][-]{section.3.4}{Firing Systems and Glaze Effects}{chapter.3}% 20
\BOOKMARK [2][-]{subsection.3.4.1}{Oil, Gas, Wood, Coal, Electricity, Other}{section.3.4}% 21
\BOOKMARK [2][-]{subsection.3.4.2}{Oxidation and Reduction}{section.3.4}% 22
\BOOKMARK [2][-]{subsection.3.4.3}{Vapor Glazing}{section.3.4}% 23
\BOOKMARK [0][-]{chapter.4}{Decisions}{}% 24
\BOOKMARK [1][-]{section.4.1}{Selecting Your Best Firing Temperature}{chapter.4}% 25
\BOOKMARK [1][-]{section.4.2}{Market Factors}{chapter.4}% 26
\BOOKMARK [1][-]{section.4.3}{Strength Requirements}{chapter.4}% 27
\BOOKMARK [1][-]{section.4.4}{Investment and Production Costs}{chapter.4}% 28
\BOOKMARK [0][-]{chapter.5}{Simple Glaze Theory}{}% 29
\BOOKMARK [1][-]{section.5.1}{Basic Chemistry}{chapter.5}% 30
\BOOKMARK [2][-]{subsection.5.1.1}{Elements and Compounds}{section.5.1}% 31
\BOOKMARK [2][-]{subsection.5.1.2}{Solid, Liquid, Gas}{section.5.1}% 32
\BOOKMARK [2][-]{subsection.5.1.3}{Mixture}{section.5.1}% 33
\BOOKMARK [2][-]{subsection.5.1.4}{Chemical Symbols}{section.5.1}% 34
\BOOKMARK [2][-]{subsection.5.1.5}{Chemical Reactions}{section.5.1}% 35
\BOOKMARK [2][-]{subsection.5.1.6}{Solutions and Suspensions}{section.5.1}% 36
\BOOKMARK [2][-]{subsection.5.1.7}{Crystal Structures}{section.5.1}% 37
\BOOKMARK [1][-]{section.5.2}{Glaze Structure}{chapter.5}% 38
\BOOKMARK [2][-]{subsection.5.2.1}{Glass Structure}{section.5.2}% 39
\BOOKMARK [2][-]{subsection.5.2.2}{Fluxes}{section.5.2}% 40
\BOOKMARK [2][-]{subsection.5.2.3}{Glass Formers}{section.5.2}% 41
\BOOKMARK [2][-]{subsection.5.2.4}{Stabilizers}{section.5.2}% 42
\BOOKMARK [1][-]{section.5.3}{Effect of Heat}{chapter.5}% 43
\BOOKMARK [2][-]{subsection.5.3.1}{Drying}{section.5.3}% 44
\BOOKMARK [2][-]{subsection.5.3.2}{Sintering, Melting, Gas Escape}{section.5.3}% 45
\BOOKMARK [2][-]{subsection.5.3.3}{Materials Which Increase or Decrease Melting Point}{section.5.3}% 46
\BOOKMARK [1][-]{section.5.4}{Melted Glaze Behavior}{chapter.5}% 47
\BOOKMARK [2][-]{subsection.5.4.1}{Fluid State}{section.5.4}% 48
\BOOKMARK [2][-]{subsection.5.4.2}{Surface Tensions}{section.5.4}% 49
\BOOKMARK [2][-]{subsection.5.4.3}{Crawling}{section.5.4}% 50
\BOOKMARK [2][-]{subsection.5.4.4}{Craters and Pinholes}{section.5.4}% 51
\BOOKMARK [1][-]{section.5.5}{Interface between Glaze and Body}{chapter.5}% 52
\BOOKMARK [2][-]{subsection.5.5.1}{Effects of Interface}{section.5.5}% 53
\BOOKMARK [1][-]{section.5.6}{Cooling and Crystal Formation}{chapter.5}% 54
\BOOKMARK [1][-]{section.5.7}{Transparency and Opacity}{chapter.5}% 55
\BOOKMARK [2][-]{subsection.5.7.1}{Refraction of Light}{section.5.7}% 56
\BOOKMARK [2][-]{subsection.5.7.2}{Materials Causing Opacity}{section.5.7}% 57
\BOOKMARK [2][-]{subsection.5.7.3}{Particle Size}{section.5.7}% 58
\BOOKMARK [1][-]{section.5.8}{Shiny or Matt Glaze}{chapter.5}% 59
\BOOKMARK [2][-]{subsection.5.8.1}{Materials Causing Mattness}{section.5.8}% 60
\BOOKMARK [2][-]{subsection.5.8.2}{Other Causes}{section.5.8}% 61
\BOOKMARK [0][-]{chapter.6}{Obtaining Glaze Materials}{}% 62
\BOOKMARK [1][-]{section.6.1}{Materials Suppliers}{chapter.6}% 63
\BOOKMARK [2][-]{subsection.6.1.1}{Local Suppliers of Chemicals}{section.6.1}% 64
\BOOKMARK [2][-]{subsection.6.1.2}{Suppliers of Other Industries}{section.6.1}% 65
\BOOKMARK [2][-]{subsection.6.1.3}{Imported Materials}{section.6.1}% 66
\BOOKMARK [1][-]{section.6.2}{Materials from Natural Sources}{chapter.6}% 67
\BOOKMARK [2][-]{subsection.6.2.1}{Crystal Rocks}{section.6.2}% 68
\BOOKMARK [2][-]{subsection.6.2.2}{Sedimentary Rocks}{section.6.2}% 69
\BOOKMARK [2][-]{subsection.6.2.3}{Metamorphic Rocks}{section.6.2}% 70
\BOOKMARK [2][-]{subsection.6.2.4}{How to Get Information}{section.6.2}% 71
\BOOKMARK [2][-]{subsection.6.2.5}{Looking for Minerals}{section.6.2}% 72
\BOOKMARK [2][-]{subsection.6.2.6}{Testing}{section.6.2}% 73
\BOOKMARK [1][-]{section.6.3}{Other Sources of Materials}{chapter.6}% 74
\BOOKMARK [2][-]{subsection.6.3.1}{Metallic Oxides}{section.6.3}% 75
\BOOKMARK [2][-]{subsection.6.3.2}{Ashes}{section.6.3}% 76
\BOOKMARK [1][-]{section.6.4}{Storing, Packaging, and Labeling}{chapter.6}% 77
\BOOKMARK [0][-]{chapter.7}{Frits and Fritmaking}{}% 78
\BOOKMARK [1][-]{section.7.1}{Why Make Frits?}{chapter.7}% 79
\BOOKMARK [1][-]{section.7.2}{Frit Production}{chapter.7}% 80
\BOOKMARK [2][-]{subsection.7.2.1}{Frit composition}{section.7.2}% 81
\BOOKMARK [2][-]{subsection.7.2.2}{Workflow}{section.7.2}% 82
\BOOKMARK [1][-]{section.7.3}{Frit Kilns}{chapter.7}% 83
\BOOKMARK [2][-]{subsection.7.3.1}{Crucible Fritting}{section.7.3}% 84
\BOOKMARK [2][-]{subsection.7.3.2}{Crucible Kiln}{section.7.3}% 85
\BOOKMARK [2][-]{subsection.7.3.3}{Open-Hearth Kilns}{section.7.3}% 86
\BOOKMARK [2][-]{subsection.7.3.4}{Continuous Flow}{section.7.3}% 87
\BOOKMARK [2][-]{subsection.7.3.5}{Rotary Frit Kiln}{section.7.3}% 88
\BOOKMARK [2][-]{subsection.7.3.6}{Fuel Economy}{section.7.3}% 89
\BOOKMARK [0][-]{chapter.8}{Preparation of Glazes}{}% 90
\BOOKMARK [1][-]{section.8.1}{Raw Materials Requirements}{chapter.8}% 91
\BOOKMARK [1][-]{section.8.2}{Grinding Glaze Materials}{chapter.8}% 92
\BOOKMARK [2][-]{subsection.8.2.1}{Coarse Materials}{section.8.2}% 93
\BOOKMARK [2][-]{subsection.8.2.2}{Ball Milling}{section.8.2}% 94
\BOOKMARK [1][-]{section.8.3}{Weighing, Mixing, Using Batch Cards}{chapter.8}% 95
\BOOKMARK [2][-]{subsection.8.3.1}{Weighing Glaze Ingredients}{section.8.3}% 96
\BOOKMARK [2][-]{subsection.8.3.2}{Batch Cards}{section.8.3}% 97
\BOOKMARK [2][-]{subsection.8.3.3}{Water}{section.8.3}% 98
\BOOKMARK [2][-]{subsection.8.3.4}{Containers}{section.8.3}% 99
\BOOKMARK [1][-]{section.8.4}{Sieving}{chapter.8}% 100
\BOOKMARK [1][-]{section.8.5}{Suspending and Binding Agents}{chapter.8}% 101
\BOOKMARK [2][-]{subsection.8.5.1}{Suspending Agent}{section.8.5}% 102
\BOOKMARK [2][-]{subsection.8.5.2}{Binder}{section.8.5}% 103
\BOOKMARK [2][-]{subsection.8.5.3}{Flocculation}{section.8.5}% 104
\BOOKMARK [2][-]{subsection.8.5.4}{Deflocculation}{section.8.5}% 105
\BOOKMARK [1][-]{section.8.6}{Density and Specific Gravity}{chapter.8}% 106
\BOOKMARK [1][-]{section.8.7}{Old Glazes, and Problems}{chapter.8}% 107
\BOOKMARK [1][-]{section.8.8}{Test Your Glazes}{chapter.8}% 108
\BOOKMARK [1][-]{section.8.9}{Commercial Production of Glazes}{chapter.8}% 109
\BOOKMARK [0][-]{chapter.9}{Glaze Application}{}% 110
\BOOKMARK [1][-]{section.9.1}{Work Place, Cleaning Area}{chapter.9}% 111
\BOOKMARK [1][-]{section.9.2}{Application Methods}{chapter.9}% 112
\BOOKMARK [2][-]{subsection.9.2.1}{Painting}{section.9.2}% 113
\BOOKMARK [2][-]{subsection.9.2.2}{Dipping and Pouring}{section.9.2}% 114
\BOOKMARK [2][-]{subsection.9.2.3}{Spraying}{section.9.2}% 115
\BOOKMARK [1][-]{section.9.3}{Density, Binders, Glaze Thickness}{chapter.9}% 116
\BOOKMARK [1][-]{section.9.4}{Waxing}{chapter.9}% 117
\BOOKMARK [1][-]{section.9.5}{Single-Fire Glazing}{chapter.9}% 118
\BOOKMARK [1][-]{section.9.6}{Handling, Drying Before Firing}{chapter.9}% 119
\BOOKMARK [1][-]{section.9.7}{Salt Glazing}{chapter.9}% 120
\BOOKMARK [0][-]{chapter.10}{Decoration}{}% 121
\BOOKMARK [1][-]{section.10.1}{Decoration and Design}{chapter.10}% 122
\BOOKMARK [2][-]{subsection.10.1.1}{Motifs, Styles, Local Inputs}{section.10.1}% 123
\BOOKMARK [1][-]{section.10.2}{Glaze Decoration}{chapter.10}% 124
\BOOKMARK [2][-]{subsection.10.2.1}{Underglaze}{section.10.2}% 125
\BOOKMARK [2][-]{subsection.10.2.2}{On-Glaze}{section.10.2}% 126
\BOOKMARK [2][-]{subsection.10.2.3}{Overglaze}{section.10.2}% 127
\BOOKMARK [2][-]{subsection.10.2.4}{Reglazing, Multiple Glazing}{section.10.2}% 128
\BOOKMARK [1][-]{section.10.3}{Engobe Decoration}{chapter.10}% 129
\BOOKMARK [2][-]{subsection.10.3.1}{Advantages and Disadvantages, as Compared to Glaze Decoration}{section.10.3}% 130
\BOOKMARK [2][-]{subsection.10.3.2}{Engobe Making, Adjusting to Body}{section.10.3}% 131
\BOOKMARK [2][-]{subsection.10.3.3}{Color Oxide Additions to Engobe}{section.10.3}% 132
\BOOKMARK [2][-]{subsection.10.3.4}{Application Methods}{section.10.3}% 133
\BOOKMARK [2][-]{subsection.10.3.5}{Engobe Problems}{section.10.3}% 134
\BOOKMARK [1][-]{section.10.4}{Terra Sigillata}{chapter.10}% 135
\BOOKMARK [2][-]{subsection.10.4.1}{Preparing Terra Sigillata}{section.10.4}% 136
\BOOKMARK [2][-]{subsection.10.4.2}{Application}{section.10.4}% 137
\BOOKMARK [2][-]{subsection.10.4.3}{Advantages}{section.10.4}% 138
\BOOKMARK [0][-]{chapter.11}{Glaze Problems}{}% 139
\BOOKMARK [1][-]{section.11.1}{Introduction to Glaze Problems}{chapter.11}% 140
\BOOKMARK [1][-]{section.11.2}{Troubleshooting Checklist}{chapter.11}% 141
\BOOKMARK [2][-]{subsection.11.2.1}{Glaze\205Slip Problems}{section.11.2}% 142
\BOOKMARK [2][-]{subsection.11.2.2}{Problems of Application and Drying}{section.11.2}% 143
\BOOKMARK [2][-]{subsection.11.2.3}{Problems in Glaze Melting}{section.11.2}% 144
\BOOKMARK [2][-]{subsection.11.2.4}{Problems After Firing}{section.11.2}% 145
\BOOKMARK [1][-]{section.11.3}{Specific Problem Explainations}{chapter.11}% 146
\BOOKMARK [2][-]{subsection.11.3.1}{Crazing and Shivering}{section.11.3}% 147
\BOOKMARK [2][-]{subsection.11.3.2}{Crawling}{section.11.3}% 148
\BOOKMARK [2][-]{subsection.11.3.3}{Pinholing and Blistering}{section.11.3}% 149
\BOOKMARK [2][-]{subsection.11.3.4}{Color Changes}{section.11.3}% 150
\BOOKMARK [0][-]{chapter.12}{Developing Glazes}{}% 151
\BOOKMARK [1][-]{section.12.1}{Modifying Existing Glazes}{chapter.12}% 152
\BOOKMARK [1][-]{section.12.2}{Basic Equipment}{chapter.12}% 153
\BOOKMARK [1][-]{section.12.3}{Testing Methods}{chapter.12}% 154
\BOOKMARK [2][-]{subsection.12.3.1}{Test Pieces}{section.12.3}% 155
\BOOKMARK [2][-]{subsection.12.3.2}{Line Blending}{section.12.3}% 156
\BOOKMARK [2][-]{subsection.12.3.3}{Triaxial Blending}{section.12.3}% 157
\BOOKMARK [2][-]{subsection.12.3.4}{Keeping Records}{section.12.3}% 158
\BOOKMARK [1][-]{section.12.4}{Developing a Base Glaze}{chapter.12}% 159
\BOOKMARK [2][-]{subsection.12.4.1}{Low Temperature Glazes \(900\2051100C\)}{section.12.4}% 160
\BOOKMARK [2][-]{subsection.12.4.2}{High Temperature Glazes \(1100\2051300C\)}{section.12.4}% 161
\BOOKMARK [2][-]{subsection.12.4.3}{Selection of Materials}{section.12.4}% 162
\BOOKMARK [2][-]{subsection.12.4.4}{Using General Recipes}{section.12.4}% 163
\BOOKMARK [2][-]{subsection.12.4.5}{Testing 2, 3, or More Materials Using Line or Triaxial Blends}{section.12.4}% 164
\BOOKMARK [2][-]{subsection.12.4.6}{Evaluating and Carrying Out Tests}{section.12.4}% 165
\BOOKMARK [1][-]{section.12.5}{Modifying a Base Glaze}{chapter.12}% 166
\BOOKMARK [2][-]{subsection.12.5.1}{Matt Glazes}{section.12.5}% 167
\BOOKMARK [2][-]{subsection.12.5.2}{Opaque Glaze}{section.12.5}% 168
\BOOKMARK [2][-]{subsection.12.5.3}{Crystal and Crackle Glazes}{section.12.5}% 169
\BOOKMARK [1][-]{section.12.6}{Colored Glazes}{chapter.12}% 170
\BOOKMARK [2][-]{subsection.12.6.1}{List of Oxide Additions}{section.12.6}% 171
\BOOKMARK [2][-]{subsection.12.6.2}{Planning Blends}{section.12.6}% 172
\BOOKMARK [2][-]{subsection.12.6.3}{Color pigments}{section.12.6}% 173
\BOOKMARK [0][-]{chapter.13}{Glaze Oxides}{}% 174
\BOOKMARK [1][-]{section.13.1}{Aluminum oxide}{chapter.13}% 175
\BOOKMARK [1][-]{section.13.2}{Barium oxide}{chapter.13}% 176
\BOOKMARK [1][-]{section.13.3}{Boric oxide}{chapter.13}% 177
\BOOKMARK [1][-]{section.13.4}{Calcium oxide}{chapter.13}% 178
\BOOKMARK [1][-]{section.13.5}{Lead oxide}{chapter.13}% 179
\BOOKMARK [1][-]{section.13.6}{Lithium oxide}{chapter.13}% 180
\BOOKMARK [1][-]{section.13.7}{Magnesium oxide}{chapter.13}% 181
\BOOKMARK [1][-]{section.13.8}{Phosphorous oxide}{chapter.13}% 182
\BOOKMARK [1][-]{section.13.9}{Potassium oxide}{chapter.13}% 183
\BOOKMARK [1][-]{section.13.10}{Silicon oxide}{chapter.13}% 184
\BOOKMARK [1][-]{section.13.11}{Sodium oxide}{chapter.13}% 185
\BOOKMARK [1][-]{section.13.12}{Tin oxide}{chapter.13}% 186
\BOOKMARK [1][-]{section.13.13}{Titanium dioxide}{chapter.13}% 187
\BOOKMARK [1][-]{section.13.14}{Zinc oxide}{chapter.13}% 188
\BOOKMARK [1][-]{section.13.15}{Zirconium oxide}{chapter.13}% 189
\BOOKMARK [0][-]{chapter.14}{Quality Control}{}% 190
\BOOKMARK [1][-]{section.14.1}{Raw Materials Control}{chapter.14}% 191
\BOOKMARK [2][-]{subsection.14.1.1}{Raw Material Testing}{section.14.1}% 192
\BOOKMARK [2][-]{subsection.14.1.2}{Storing of Glaze Materials}{section.14.1}% 193
\BOOKMARK [1][-]{section.14.2}{Glaze Preparation Control}{chapter.14}% 194
\BOOKMARK [2][-]{subsection.14.2.1}{Batch Cards}{section.14.2}% 195
\BOOKMARK [2][-]{subsection.14.2.2}{Balance}{section.14.2}% 196
\BOOKMARK [2][-]{subsection.14.2.3}{Graduated Cylinder}{section.14.2}% 197
\BOOKMARK [2][-]{subsection.14.2.4}{Ball Milling}{section.14.2}% 198
\BOOKMARK [2][-]{subsection.14.2.5}{Sieving}{section.14.2}% 199
\BOOKMARK [1][-]{section.14.3}{Methods of Testing Batches of Glaze and Frits}{chapter.14}% 200
\BOOKMARK [2][-]{subsection.14.3.1}{Testing Frit}{section.14.3}% 201
\BOOKMARK [2][-]{subsection.14.3.2}{Testing Glaze}{section.14.3}% 202
\BOOKMARK [0][-]{chapter.15}{Health and Safety}{}% 203
\BOOKMARK [1][-]{section.15.1}{Machinery}{chapter.15}% 204
\BOOKMARK [1][-]{section.15.2}{Dust}{chapter.15}% 205
\BOOKMARK [1][-]{section.15.3}{Toxic Materials}{chapter.15}% 206
\BOOKMARK [2][-]{subsection.15.3.1}{Hazards to Workers}{section.15.3}% 207
\BOOKMARK [2][-]{subsection.15.3.2}{Hazards to Crockery Users}{section.15.3}% 208
\BOOKMARK [0][-]{chapter.16}{Glaze Formula Calculations}{}% 209
\BOOKMARK [1][-]{section.16.1}{Glaze Formula Chemistry}{chapter.16}% 210
\BOOKMARK [2][-]{subsection.16.1.1}{Using Chemical Symbols}{section.16.1}% 211
\BOOKMARK [2][-]{subsection.16.1.2}{Chemical Reactions}{section.16.1}% 212
\BOOKMARK [2][-]{subsection.16.1.3}{Molecular Weights}{section.16.1}% 213
\BOOKMARK [2][-]{subsection.16.1.4}{Formula Weight of Minerals}{section.16.1}% 214
\BOOKMARK [2][-]{subsection.16.1.5}{Percentage to Formula}{section.16.1}% 215
\BOOKMARK [1][-]{section.16.2}{Seger Formula}{chapter.16}% 216
\BOOKMARK [2][-]{subsection.16.2.1}{Table of Limit Formulas}{section.16.2}% 217
\BOOKMARK [2][-]{subsection.16.2.2}{Benefits of Using the Seger Formula}{section.16.2}% 218
\BOOKMARK [2][-]{subsection.16.2.3}{Glaze Recipe from Formula}{section.16.2}% 219
\BOOKMARK [1][-]{section.16.3}{Frit Calculation}{chapter.16}% 220
\BOOKMARK [2][-]{subsection.16.3.1}{Moisture Compensation}{section.16.3}% 221
\BOOKMARK [2][-]{subsection.16.3.2}{Formula Rules for Frit}{section.16.3}% 222
\BOOKMARK [2][-]{subsection.16.3.3}{Frit Based on Glaze Formula}{section.16.3}% 223
\BOOKMARK [2][-]{subsection.16.3.4}{Frit Loss Calculation}{section.16.3}% 224
\BOOKMARK [2][-]{subsection.16.3.5}{Glaze Recipe with Standard Frit}{section.16.3}% 225
\BOOKMARK [1][-]{section.16.4}{Hints for Using Unknown Local Materials}{chapter.16}% 226
\BOOKMARK [2][-]{subsection.16.4.1}{Clays}{section.16.4}% 227
\BOOKMARK [2][-]{subsection.16.4.2}{Feldspars}{section.16.4}% 228
\BOOKMARK [2][-]{subsection.16.4.3}{CaO Sources}{section.16.4}% 229
\BOOKMARK [2][-]{subsection.16.4.4}{Glass Cullet}{section.16.4}% 230
\BOOKMARK [2][-]{subsection.16.4.5}{Unknown Materials}{section.16.4}% 231
\BOOKMARK [0][-]{appendix.A}{Table of Seger Cones}{}% 232
\BOOKMARK [0][-]{appendix.B}{Table of Orton Cones}{}% 233
\BOOKMARK [0][-]{appendix.C}{Conversion Table for Pint Weights}{}% 234
\BOOKMARK [0][-]{appendix.D}{Density}{}% 235
\BOOKMARK [0][-]{appendix.E}{Dry Content of a Liquid}{}% 236
\BOOKMARK [0][-]{appendix.F}{Twaddell Scale}{}% 237
\BOOKMARK [0][-]{appendix.G}{Properties of Fuels}{}% 238
